✅ Database table initialized
node:events:497
      throw er; // Unhandled 'error' event
      ^

Error: listen EADDRINUSE: address already in use :::3002
    at Server.setupListenHandle [as _listen2] (node:net:1940:16)
    at listenInCluster (node:net:1997:12)
    at Server.listen (node:net:2102:7)
    at Function.listen (/usr/Flare-x-XRPL-Hackathon/medical-vault-backend/node_modules/express/lib/application.js:635:24)
    at startServer (/usr/Flare-x-XRPL-Hackathon/medical-vault-backend/mapping-server-sqlite.js:392:9)
    at process.processTicksAndRejections (node:internal/process/task_queues:105:5)
Emitted 'error' event on Server instance at:
    at emitErrorNT (node:net:1976:8)
    at process.processTicksAndRejections (node:internal/process/task_queues:90:21) {
  code: 'EADDRINUSE',
  errno: -98,
  syscall: 'listen',
  address: '::',
  port: 3002
}

Node.js v22.19.0
{"timestamp":"2025-09-21 08:37:29","level":"info","message":"Received SIGINT. Starting graceful shutdown...","service":"medical-vault-backend"}
{"timestamp":"2025-09-21 08:37:29","level":"info","message":"Database connections closed","service":"medical-vault-backend"}
{"timestamp":"2025-09-21 08:37:52","level":"info","message":"SQLite database connection established successfully","service":"medical-vault-backend"}
{"timestamp":"2025-09-21 08:37:52","level":"info","message":"Using SQLite database only","service":"medical-vault-backend"}
{"timestamp":"2025-09-21 08:37:52","level":"info","message":"Medical Vault Backend API server running on 0.0.0.0:3001","service":"medical-vault-backend"}
{"timestamp":"2025-09-21 08:37:52","level":"info","message":"Environment: development","service":"medical-vault-backend"}
{"timestamp":"2025-09-21 08:37:52","level":"info","message":"API Prefix: /api/v1","service":"medical-vault-backend"}
{"timestamp":"2025-09-21 08:39:22","level":"info","message":"Received SIGINT. Starting graceful shutdown...","service":"medical-vault-backend"}
{"timestamp":"2025-09-21 08:39:22","level":"info","message":"Database connections closed","service":"medical-vault-backend"}
{"timestamp":"2025-09-21 09:26:18","level":"info","message":"SQLite database connection established successfully","service":"medical-vault-backend"}
{"timestamp":"2025-09-21 09:26:18","level":"info","message":"Using SQLite database only","service":"medical-vault-backend"}
{"timestamp":"2025-09-21 09:26:18","level":"info","message":"Medical Vault Backend API server running on 0.0.0.0:3001","service":"medical-vault-backend"}
{"timestamp":"2025-09-21 09:26:18","level":"info","message":"Environment: development","service":"medical-vault-backend"}
{"timestamp":"2025-09-21 09:26:18","level":"info","message":"API Prefix: /api/v1","service":"medical-vault-backend"}
{"timestamp":"2025-09-21 09:34:00","level":"info","message":"Received SIGTERM. Starting graceful shutdown...","service":"medical-vault-backend"}
{"timestamp":"2025-09-21 09:34:00","level":"info","message":"Database connections closed","service":"medical-vault-backend"}
{"timestamp":"2025-09-21 09:35:07","level":"info","message":"SQLite database connection established successfully","service":"medical-vault-backend"}
{"timestamp":"2025-09-21 09:35:07","level":"info","message":"Using SQLite database only","service":"medical-vault-backend"}
{"timestamp":"2025-09-21 09:35:07","level":"info","message":"Medical Vault Backend API server running on 0.0.0.0:3001","service":"medical-vault-backend"}
{"timestamp":"2025-09-21 09:35:07","level":"info","message":"Environment: development","service":"medical-vault-backend"}
{"timestamp":"2025-09-21 09:35:07","level":"info","message":"API Prefix: /api/v1","service":"medical-vault-backend"}
{"timestamp":"2025-09-21 09:38:52","level":"info","message":"Received SIGINT. Starting graceful shutdown...","service":"medical-vault-backend"}
{"timestamp":"2025-09-21 09:38:52","level":"info","message":"Database connections closed","service":"medical-vault-backend"}
{"timestamp":"2025-09-21 09:39:08","level":"info","message":"SQLite database connection established successfully","service":"medical-vault-backend"}
{"timestamp":"2025-09-21 09:39:08","level":"info","message":"Using SQLite database only","service":"medical-vault-backend"}
{"timestamp":"2025-09-21 09:39:08","level":"info","message":"Medical Vault Backend API server running on 0.0.0.0:3001","service":"medical-vault-backend"}
{"timestamp":"2025-09-21 09:39:08","level":"info","message":"Environment: development","service":"medical-vault-backend"}
{"timestamp":"2025-09-21 09:39:08","level":"info","message":"API Prefix: /api/v1","service":"medical-vault-backend"}
{"timestamp":"2025-09-21 09:44:48","level":"info","message":"Received SIGINT. Starting graceful shutdown...","service":"medical-vault-backend"}
{"timestamp":"2025-09-21 09:44:48","level":"info","message":"Database connections closed","service":"medical-vault-backend"}
{"timestamp":"2025-09-21 09:45:02","level":"info","message":"SQLite database connection established successfully","service":"medical-vault-backend"}
{"timestamp":"2025-09-21 09:45:02","level":"info","message":"Using SQLite database only","service":"medical-vault-backend"}
{"timestamp":"2025-09-21 09:45:02","level":"info","message":"Medical Vault Backend API server running on 0.0.0.0:3001","service":"medical-vault-backend"}
{"timestamp":"2025-09-21 09:45:02","level":"info","message":"Environment: development","service":"medical-vault-backend"}
{"timestamp":"2025-09-21 09:45:02","level":"info","message":"API Prefix: /api/v1","service":"medical-vault-backend"}
{"timestamp":"2025-09-21 09:51:15","level":"info","message":"Received SIGINT. Starting graceful shutdown...","service":"medical-vault-backend"}
{"timestamp":"2025-09-21 09:51:15","level":"info","message":"Database connections closed","service":"medical-vault-backend"}
{"timestamp":"2025-09-21 09:51:23","level":"info","message":"SQLite database connection established successfully","service":"medical-vault-backend"}
{"timestamp":"2025-09-21 09:51:23","level":"info","message":"Using SQLite database only","service":"medical-vault-backend"}
{"timestamp":"2025-09-21 09:51:23","level":"info","message":"Medical Vault Backend API server running on 0.0.0.0:3001","service":"medical-vault-backend"}
{"timestamp":"2025-09-21 09:51:23","level":"info","message":"Environment: development","service":"medical-vault-backend"}
{"timestamp":"2025-09-21 09:51:23","level":"info","message":"API Prefix: /api/v1","service":"medical-vault-backend"}
{"timestamp":"2025-09-21 09:54:40","level":"info","message":"Received SIGINT. Starting graceful shutdown...","service":"medical-vault-backend"}
{"timestamp":"2025-09-21 09:54:40","level":"info","message":"Database connections closed","service":"medical-vault-backend"}
{"timestamp":"2025-09-21 09:54:52","level":"info","message":"SQLite database connection established successfully","service":"medical-vault-backend"}
{"timestamp":"2025-09-21 09:54:52","level":"info","message":"Using SQLite database only","service":"medical-vault-backend"}
{"timestamp":"2025-09-21 09:54:52","level":"info","message":"Medical Vault Backend API server running on 0.0.0.0:3001","service":"medical-vault-backend"}
{"timestamp":"2025-09-21 09:54:52","level":"info","message":"Environment: development","service":"medical-vault-backend"}
{"timestamp":"2025-09-21 09:54:52","level":"info","message":"API Prefix: /api/v1","service":"medical-vault-backend"}
{"timestamp":"2025-09-21 09:57:37","level":"info","message":"Received SIGINT. Starting graceful shutdown...","service":"medical-vault-backend"}
{"timestamp":"2025-09-21 09:57:37","level":"info","message":"Database connections closed","service":"medical-vault-backend"}
{"timestamp":"2025-09-21 09:57:55","level":"info","message":"SQLite database connection established successfully","service":"medical-vault-backend"}
{"timestamp":"2025-09-21 09:57:55","level":"info","message":"Using SQLite database only","service":"medical-vault-backend"}
{"timestamp":"2025-09-21 09:57:55","level":"info","message":"Medical Vault Backend API server running on 0.0.0.0:3001","service":"medical-vault-backend"}
{"timestamp":"2025-09-21 09:57:55","level":"info","message":"Environment: development","service":"medical-vault-backend"}
{"timestamp":"2025-09-21 09:57:55","level":"info","message":"API Prefix: /api/v1","service":"medical-vault-backend"}
{"timestamp":"2025-09-21 10:00:23","level":"info","message":"Received SIGINT. Starting graceful shutdown...","service":"medical-vault-backend"}
{"timestamp":"2025-09-21 10:00:23","level":"info","message":"Database connections closed","service":"medical-vault-backend"}
{"timestamp":"2025-09-21 12:24:33","level":"info","message":"SQLite database connection established successfully","service":"medical-vault-backend"}
{"timestamp":"2025-09-21 12:24:33","level":"info","message":"Using SQLite database only","service":"medical-vault-backend"}
{"timestamp":"2025-09-21 12:24:33","level":"info","message":"Medical Vault Backend API server running on 0.0.0.0:3001","service":"medical-vault-backend"}
{"timestamp":"2025-09-21 12:24:33","level":"info","message":"Environment: development","service":"medical-vault-backend"}
{"timestamp":"2025-09-21 12:24:33","level":"info","message":"API Prefix: /api/v1","service":"medical-vault-backend"}
{"timestamp":"2025-09-21 12:40:49","level":"info","message":"Received SIGINT. Starting graceful shutdown...","service":"medical-vault-backend"}
{"timestamp":"2025-09-21 12:40:49","level":"info","message":"Database connections closed","service":"medical-vault-backend"}
{"timestamp":"2025-09-21 12:41:02","level":"info","message":"SQLite database connection established successfully","service":"medical-vault-backend"}
{"timestamp":"2025-09-21 12:41:02","level":"info","message":"Using SQLite database only","service":"medical-vault-backend"}
{"timestamp":"2025-09-21 12:41:02","level":"info","message":"Medical Vault Backend API server running on 0.0.0.0:3001","service":"medical-vault-backend"}
{"timestamp":"2025-09-21 12:41:02","level":"info","message":"Environment: development","service":"medical-vault-backend"}
{"timestamp":"2025-09-21 12:41:02","level":"info","message":"API Prefix: /api/v1","service":"medical-vault-backend"}
{"timestamp":"2025-09-21 12:43:23","level":"info","message":"Received SIGINT. Starting graceful shutdown...","service":"medical-vault-backend"}
{"timestamp":"2025-09-21 12:43:23","level":"info","message":"Database connections closed","service":"medical-vault-backend"}
{"timestamp":"2025-09-21 12:43:30","level":"info","message":"SQLite database connection established successfully","service":"medical-vault-backend"}
{"timestamp":"2025-09-21 12:43:30","level":"info","message":"Using SQLite database only","service":"medical-vault-backend"}
{"timestamp":"2025-09-21 12:43:30","level":"info","message":"Medical Vault Backend API server running on 0.0.0.0:3001","service":"medical-vault-backend"}
{"timestamp":"2025-09-21 12:43:30","level":"info","message":"Environment: development","service":"medical-vault-backend"}
{"timestamp":"2025-09-21 12:43:30","level":"info","message":"API Prefix: /api/v1","service":"medical-vault-backend"}
{"timestamp":"2025-09-21 12:45:21","level":"info","message":"Received SIGINT. Starting graceful shutdown...","service":"medical-vault-backend"}
{"timestamp":"2025-09-21 12:45:21","level":"info","message":"Database connections closed","service":"medical-vault-backend"}
{"timestamp":"2025-09-21 12:45:34","level":"info","message":"SQLite database connection established successfully","service":"medical-vault-backend"}
{"timestamp":"2025-09-21 12:45:34","level":"info","message":"Using SQLite database only","service":"medical-vault-backend"}
{"timestamp":"2025-09-21 12:45:34","level":"info","message":"Medical Vault Backend API server running on 0.0.0.0:3001","service":"medical-vault-backend"}
{"timestamp":"2025-09-21 12:45:34","level":"info","message":"Environment: development","service":"medical-vault-backend"}
{"timestamp":"2025-09-21 12:45:34","level":"info","message":"API Prefix: /api/v1","service":"medical-vault-backend"}
{"timestamp":"2025-09-21 12:50:56","level":"info","message":"Received SIGINT. Starting graceful shutdown...","service":"medical-vault-backend"}
{"timestamp":"2025-09-21 12:50:56","level":"info","message":"Database connections closed","service":"medical-vault-backend"}
{"timestamp":"2025-09-21 12:51:03","level":"info","message":"SQLite database connection established successfully","service":"medical-vault-backend"}
{"timestamp":"2025-09-21 12:51:03","level":"info","message":"Using SQLite database only","service":"medical-vault-backend"}
{"timestamp":"2025-09-21 12:51:03","level":"info","message":"Medical Vault Backend API server running on 0.0.0.0:3001","service":"medical-vault-backend"}
{"timestamp":"2025-09-21 12:51:03","level":"info","message":"Environment: development","service":"medical-vault-backend"}
{"timestamp":"2025-09-21 12:51:03","level":"info","message":"API Prefix: /api/v1","service":"medical-vault-backend"}
{"timestamp":"2025-09-21 13:08:45","level":"info","message":"Received SIGINT. Starting graceful shutdown...","service":"medical-vault-backend"}
{"timestamp":"2025-09-21 13:08:45","level":"info","message":"Database connections closed","service":"medical-vault-backend"}
{"timestamp":"2025-09-21 13:08:52","level":"info","message":"SQLite database connection established successfully","service":"medical-vault-backend"}
{"timestamp":"2025-09-21 13:08:52","level":"info","message":"Using SQLite database only","service":"medical-vault-backend"}
{"timestamp":"2025-09-21 13:08:52","level":"info","message":"Medical Vault Backend API server running on 0.0.0.0:3001","service":"medical-vault-backend"}
{"timestamp":"2025-09-21 13:08:52","level":"info","message":"Environment: development","service":"medical-vault-backend"}
{"timestamp":"2025-09-21 13:08:52","level":"info","message":"API Prefix: /api/v1","service":"medical-vault-backend"}
{"timestamp":"2025-09-21 13:12:55","level":"info","message":"Received SIGINT. Starting graceful shutdown...","service":"medical-vault-backend"}
{"timestamp":"2025-09-21 13:12:55","level":"info","message":"Database connections closed","service":"medical-vault-backend"}
{"timestamp":"2025-09-21 13:13:02","level":"info","message":"SQLite database connection established successfully","service":"medical-vault-backend"}
{"timestamp":"2025-09-21 13:13:02","level":"info","message":"Using SQLite database only","service":"medical-vault-backend"}
{"timestamp":"2025-09-21 13:13:02","level":"info","message":"Medical Vault Backend API server running on 0.0.0.0:3001","service":"medical-vault-backend"}
{"timestamp":"2025-09-21 13:13:02","level":"info","message":"Environment: development","service":"medical-vault-backend"}
{"timestamp":"2025-09-21 13:13:02","level":"info","message":"API Prefix: /api/v1","service":"medical-vault-backend"}
{"timestamp":"2025-09-21 13:21:25","level":"info","message":"Received SIGINT. Starting graceful shutdown...","service":"medical-vault-backend"}
{"timestamp":"2025-09-21 13:21:26","level":"info","message":"Database connections closed","service":"medical-vault-backend"}
{"timestamp":"2025-09-21 13:21:33","level":"info","message":"SQLite database connection established successfully","service":"medical-vault-backend"}
{"timestamp":"2025-09-21 13:21:33","level":"info","message":"Using SQLite database only","service":"medical-vault-backend"}
{"timestamp":"2025-09-21 13:21:33","level":"info","message":"Medical Vault Backend API server running on 0.0.0.0:3001","service":"medical-vault-backend"}
{"timestamp":"2025-09-21 13:21:33","level":"info","message":"Environment: development","service":"medical-vault-backend"}
{"timestamp":"2025-09-21 13:21:33","level":"info","message":"API Prefix: /api/v1","service":"medical-vault-backend"}
{"timestamp":"2025-09-21 13:36:30","level":"info","message":"Received SIGINT. Starting graceful shutdown...","service":"medical-vault-backend"}
{"timestamp":"2025-09-21 13:36:30","level":"info","message":"Database connections closed","service":"medical-vault-backend"}
{"timestamp":"2025-09-21 13:36:39","level":"info","message":"SQLite database connection established successfully","service":"medical-vault-backend"}
{"timestamp":"2025-09-21 13:36:39","level":"info","message":"Using SQLite database only","service":"medical-vault-backend"}
{"timestamp":"2025-09-21 13:36:39","level":"info","message":"Medical Vault Backend API server running on 0.0.0.0:3001","service":"medical-vault-backend"}
{"timestamp":"2025-09-21 13:36:39","level":"info","message":"Environment: development","service":"medical-vault-backend"}
{"timestamp":"2025-09-21 13:36:39","level":"info","message":"API Prefix: /api/v1","service":"medical-vault-backend"}
{"timestamp":"2025-09-21 13:52:00","level":"info","message":"Received SIGINT. Starting graceful shutdown...","service":"medical-vault-backend"}
{"timestamp":"2025-09-21 13:52:00","level":"info","message":"Database connections closed","service":"medical-vault-backend"}
